# JRE version: Java(TM) SE Runtime Environment (8.0_60-b27) (build 1.8.0_60-b27)
# Java VM: Java HotSpot(TM) 64-Bit Server VM (25.60-b23 mixed mode linux-amd64 compressed oops)
Heap:
 PSYoungGen      total 645120K, used 281476K [0x00000000d6980000, 0x0000000100000000, 0x0000000100000000)
  eden space 617984K, 41% used [0x00000000d6980000,0x00000000e6444ef0,0x00000000fc500000)
  from space 27136K, 90% used [0x00000000fe580000,0x00000000ffd9c408,0x0000000100000000)
  to   space 30208K, 0% used [0x00000000fc500000,0x00000000fc500000,0x00000000fe280000)
 ParOldGen       total 147456K, used 55190K [0x0000000083c00000, 0x000000008cc00000, 0x00000000d6980000)
  object space 147456K, 37% used [0x0000000083c00000,0x00000000871e58b8,0x000000008cc00000)
 Metaspace       used 64527K, capacity 82268K, committed 82608K, reserved 1110016K
  class space    used 16732K, capacity 22597K, committed 22704K, reserved 1048576K
GC Heap History (10 events):
Event: 5,091 GC heap before
{Heap before GC invocations=15 (full 2):
 PSYoungGen      total 565760K, used 553472K [0x00000000d6980000, 0x00000000fcc80000, 0x0000000100000000)
  eden space 553472K, 100% used [0x00000000d6980000,0x00000000f8600000,0x00000000f8600000)
  from space 12288K, 0% used [0x00000000f9180000,0x00000000f9180000,0x00000000f9d80000)
  to   space 11776K, 0% used [0x00000000f8600000,0x00000000f8600000,0x00000000f9180000)
 ParOldGen       total 98816K, used 32681K [0x0000000083c00000, 0x0000000089c80000, 0x00000000d6980000)
  object space 98816K, 33% used [0x0000000083c00000,0x0000000085bea5a8,0x0000000089c80000)
 Metaspace       used 33888K, capacity 43150K, committed 43312K, reserved 1081344K
  class space    used 8594K, capacity 11963K, committed 12080K, reserved 1048576K
Event: 5,130 GC heap after
Heap after GC invocations=15 (full 2):
 PSYoungGen      total 565248K, used 11772K [0x00000000d6980000, 0x0000000100000000, 0x0000000100000000)
  eden space 553472K, 0% used [0x00000000d6980000,0x00000000d6980000,0x00000000f8600000)
  from space 11776K, 99% used [0x00000000f8600000,0x00000000f917f298,0x00000000f9180000)
  to   space 19456K, 0% used [0x00000000fed00000,0x00000000fed00000,0x0000000100000000)
 ParOldGen       total 98816K, used 50026K [0x0000000083c00000, 0x0000000089c80000, 0x00000000d6980000)
  object space 98816K, 50% used [0x0000000083c00000,0x0000000086cdabe0,0x0000000089c80000)
 Metaspace       used 33888K, capacity 43150K, committed 43312K, reserved 1081344K
  class space    used 8594K, capacity 11963K, committed 12080K, reserved 1048576K
}
Event: 5,918 GC heap before
{Heap before GC invocations=16 (full 2):
 PSYoungGen      total 565248K, used 565244K [0x00000000d6980000, 0x0000000100000000, 0x0000000100000000)
  eden space 553472K, 100% used [0x00000000d6980000,0x00000000f8600000,0x00000000f8600000)
  from space 11776K, 99% used [0x00000000f8600000,0x00000000f917f298,0x00000000f9180000)
  to   space 19456K, 0% used [0x00000000fed00000,0x00000000fed00000,0x0000000100000000)
 ParOldGen       total 98816K, used 50026K [0x0000000083c00000, 0x0000000089c80000, 0x00000000d6980000)
  object space 98816K, 50% used [0x0000000083c00000,0x0000000086cdabe0,0x0000000089c80000)
 Metaspace       used 37291K, capacity 48746K, committed 48944K, reserved 1085440K
  class space    used 9750K, capacity 13779K, committed 13872K, reserved 1048576K
Event: 5,963 GC heap after
Heap after GC invocations=16 (full 2):
 PSYoungGen      total 643584K, used 19434K [0x00000000d6980000, 0x0000000100000000, 0x0000000100000000)
  eden space 624128K, 0% used [0x00000000d6980000,0x00000000d6980000,0x00000000fcb00000)
  from space 19456K, 99% used [0x00000000fed00000,0x00000000ffffaac8,0x0000000100000000)
  to   space 27136K, 0% used [0x00000000fcb00000,0x00000000fcb00000,0x00000000fe580000)
 ParOldGen       total 98816K, used 63109K [0x0000000083c00000, 0x0000000089c80000, 0x00000000d6980000)
  object space 98816K, 63% used [0x0000000083c00000,0x00000000879a1718,0x0000000089c80000)
 Metaspace       used 37291K, capacity 48746K, committed 48944K, reserved 1085440K
  class space    used 9750K, capacity 13779K, committed 13872K, reserved 1048576K
}
Event: 7,335 GC heap before
{Heap before GC invocations=17 (full 2):
 PSYoungGen      total 643584K, used 378167K [0x00000000d6980000, 0x0000000100000000, 0x0000000100000000)
  eden space 624128K, 57% used [0x00000000d6980000,0x00000000ec7d3448,0x00000000fcb00000)
  from space 19456K, 99% used [0x00000000fed00000,0x00000000ffffaac8,0x0000000100000000)
  to   space 27136K, 0% used [0x00000000fcb00000,0x00000000fcb00000,0x00000000fe580000)
 ParOldGen       total 98816K, used 63109K [0x0000000083c00000, 0x0000000089c80000, 0x00000000d6980000)
  object space 98816K, 63% used [0x0000000083c00000,0x00000000879a1718,0x0000000089c80000)
 Metaspace       used 45325K, capacity 59063K, committed 59160K, reserved 1091584K
  class space    used 12122K, capacity 16811K, committed 16816K, reserved 1048576K
Event: 7,366 GC heap after
Heap after GC invocations=17 (full 2):
 PSYoungGen      total 651264K, used 15280K [0x00000000d6980000, 0x0000000100000000, 0x0000000100000000)
  eden space 624128K, 0% used [0x00000000d6980000,0x00000000d6980000,0x00000000fcb00000)
  from space 27136K, 56% used [0x00000000fcb00000,0x00000000fd9ec000,0x00000000fe580000)
  to   space 27136K, 0% used [0x00000000fe580000,0x00000000fe580000,0x0000000100000000)
 ParOldGen       total 98816K, used 68235K [0x0000000083c00000, 0x0000000089c80000, 0x00000000d6980000)
  object space 98816K, 69% used [0x0000000083c00000,0x0000000087ea2ca0,0x0000000089c80000)
 Metaspace       used 45325K, capacity 59063K, committed 59160K, reserved 1091584K
  class space    used 12122K, capacity 16811K, committed 16816K, reserved 1048576K
}
Event: 7,366 GC heap before
{Heap before GC invocations=18 (full 3):
 PSYoungGen      total 651264K, used 15280K [0x00000000d6980000, 0x0000000100000000, 0x0000000100000000)
  eden space 624128K, 0% used [0x00000000d6980000,0x00000000d6980000,0x00000000fcb00000)
  from space 27136K, 56% used [0x00000000fcb00000,0x00000000fd9ec000,0x00000000fe580000)
  to   space 27136K, 0% used [0x00000000fe580000,0x00000000fe580000,0x0000000100000000)
 ParOldGen       total 98816K, used 68235K [0x0000000083c00000, 0x0000000089c80000, 0x00000000d6980000)
  object space 98816K, 69% used [0x0000000083c00000,0x0000000087ea2ca0,0x0000000089c80000)
 Metaspace       used 45325K, capacity 59063K, committed 59160K, reserved 1091584K
  class space    used 12122K, capacity 16811K, committed 16816K, reserved 1048576K
Event: 7,647 GC heap after
Heap after GC invocations=18 (full 3):
 PSYoungGen      total 651264K, used 0K [0x00000000d6980000, 0x0000000100000000, 0x0000000100000000)
  eden space 624128K, 0% used [0x00000000d6980000,0x00000000d6980000,0x00000000fcb00000)
  from space 27136K, 0% used [0x00000000fcb00000,0x00000000fcb00000,0x00000000fe580000)
  to   space 27136K, 0% used [0x00000000fe580000,0x00000000fe580000,0x0000000100000000)
 ParOldGen       total 147456K, used 55166K [0x0000000083c00000, 0x000000008cc00000, 0x00000000d6980000)
  object space 147456K, 37% used [0x0000000083c00000,0x00000000871df8b8,0x000000008cc00000)
 Metaspace       used 45317K, capacity 59051K, committed 59160K, reserved 1091584K
  class space    used 12119K, capacity 16807K, committed 16816K, reserved 1048576K
}
Event: 13,400 GC heap before
{Heap before GC invocations=19 (full 3):
 PSYoungGen      total 651264K, used 624128K [0x00000000d6980000, 0x0000000100000000, 0x0000000100000000)
  eden space 624128K, 100% used [0x00000000d6980000,0x00000000fcb00000,0x00000000fcb00000)
  from space 27136K, 0% used [0x00000000fcb00000,0x00000000fcb00000,0x00000000fe580000)
  to   space 27136K, 0% used [0x00000000fe580000,0x00000000fe580000,0x0000000100000000)
 ParOldGen       total 147456K, used 55166K [0x0000000083c00000, 0x000000008cc00000, 0x00000000d6980000)
  object space 147456K, 37% used [0x0000000083c00000,0x00000000871df8b8,0x000000008cc00000)
 Metaspace       used 64248K, capacity 81718K, committed 81968K, reserved 1107968K
  class space    used 16662K, capacity 22512K, committed 22576K, reserved 1048576K
Event: 13,423 GC heap after
Heap after GC invocations=19 (full 3):
 PSYoungGen      total 645120K, used 24689K [0x00000000d6980000, 0x0000000100000000, 0x0000000100000000)
  eden space 617984K, 0% used [0x00000000d6980000,0x00000000d6980000,0x00000000fc500000)
  from space 27136K, 90% used [0x00000000fe580000,0x00000000ffd9c408,0x0000000100000000)
  to   space 30208K, 0% used [0x00000000fc500000,0x00000000fc500000,0x00000000fe280000)
 ParOldGen       total 147456K, used 55190K [0x0000000083c00000, 0x000000008cc00000, 0x00000000d6980000)
  object space 147456K, 37% used [0x0000000083c00000,0x00000000871e58b8,0x000000008cc00000)
 Metaspace       used 64248K, capacity 81718K, committed 81968K, reserved 1107968K
  class space    used 16662K, capacity 22512K, committed 22576K, reserved 1048576K
}

